<?xml version="1.0" encoding="UTF-8"?>
<!-- Generated by org.testng.reporters.JUnitReportReporter -->
<testsuite hostname="DESKTOP-ARI1PTB" failures="0" tests="15" name="rest_asure.Beeceptor" time="3.046" errors="0" timestamp="2024-06-28T12:53:04 IST" skipped="14">
  <testcase classname="rest_asure.Beeceptor" name="listofcontinents" time="3.046"/>
  <system-out/>
  <testcase classname="rest_asure.Beeceptor" name="listalluserss">
    <skipped/>
  </testcase> <!-- listalluserss -->
  <system-out/>
  <testcase classname="rest_asure.Beeceptor" name="allpost">
    <skipped/>
  </testcase> <!-- allpost -->
  <system-out/>
  <testcase classname="rest_asure.Beeceptor" name="listofquates">
    <skipped/>
  </testcase> <!-- listofquates -->
  <system-out/>
  <testcase classname="rest_asure.Beeceptor" name="listofalltodoiteam">
    <skipped/>
  </testcase> <!-- listofalltodoiteam -->
  <system-out/>
  <testcase classname="rest_asure.Beeceptor" name="postbyid">
    <skipped/>
  </testcase> <!-- postbyid -->
  <system-out/>
  <testcase classname="rest_asure.Beeceptor" name="standardrolebyid">
    <skipped/>
  </testcase> <!-- standardrolebyid -->
  <system-out/>
  <testcase classname="rest_asure.Beeceptor" name="listofcountries">
    <skipped/>
  </testcase> <!-- listofcountries -->
  <system-out/>
  <testcase classname="rest_asure.Beeceptor" name="listofstandardroles">
    <skipped/>
  </testcase> <!-- listofstandardroles -->
  <system-out/>
  <testcase classname="rest_asure.Beeceptor" name="listcompaniesbyid">
    <skipped/>
  </testcase> <!-- listcompaniesbyid -->
  <system-out/>
  <testcase classname="rest_asure.Beeceptor" name="userdetailsbyid">
    <skipped/>
  </testcase> <!-- userdetailsbyid -->
  <system-out/>
  <testcase classname="rest_asure.Beeceptor" name="allblogcomment">
    <skipped/>
  </testcase> <!-- allblogcomment -->
  <system-out/>
  <testcase classname="rest_asure.Beeceptor" name="listallcompanies">
    <skipped/>
  </testcase> <!-- listallcompanies -->
  <system-out/>
  <testcase classname="rest_asure.Beeceptor" name="blogcommentbyid">
    <skipped/>
  </testcase> <!-- blogcommentbyid -->
  <system-out/>
  <testcase classname="rest_asure.Beeceptor" name="todoitembyid">
    <skipped/>
  </testcase> <!-- todoitembyid -->
  <system-out/>
</testsuite> <!-- rest_asure.Beeceptor -->
